<?xml version="1.0" encoding="UTF-8"?>
<robot generator="Robot 7.4.2 (Python 3.12.0 on win32)" generated="2026-04-28T14:35:54.898983" rpa="false" schemaversion="5">
<suite id="s1" name="Pet" source="D:\coding\capg\api\petstore\pet.robot">
<test id="s1-t1" name="Find pet by ID" line="32">
<kw name="Create Session" owner="RequestsLibrary">
<msg time="2026-04-28T14:35:55.154517" level="INFO">Creating Session using : alias=petapi, url=https://petstore.swagger.io/v2, headers={},                     cookies={}, auth=None, timeout=None, proxies=None, verify=True,                     debug=0 </msg>
<arg>petapi</arg>
<arg>${base_url}</arg>
<arg>verify=True</arg>
<doc>Create Session: create a HTTP session to a server</doc>
<status status="PASS" start="2026-04-28T14:35:55.154517" elapsed="0.000999"/>
</kw>
<kw name="GET On Session" owner="RequestsLibrary">
<msg time="2026-04-28T14:35:57.291066" level="INFO">GET Request : url=https://petstore.swagger.io/v2/pet/55 
 path_url=/v2/pet/55 
 headers={'User-Agent': 'python-requests/2.32.5', 'Accept-Encoding': 'gzip, deflate', 'Accept': '*/*', 'Connection': 'keep-alive'} 
 body=None 
 </msg>
<msg time="2026-04-28T14:35:57.292067" level="INFO">GET Response : url=https://petstore.swagger.io/v2/pet/55 
 status=200, reason=OK 
 headers={'Date': 'Tue, 28 Apr 2026 09:05:57 GMT', 'Content-Type': 'application/json', 'Transfer-Encoding': 'chunked', 'Connection': 'keep-alive', 'Access-Control-Allow-Origin': '*', 'Access-Control-Allow-Methods': 'GET, POST, DELETE, PUT', 'Access-Control-Allow-Headers': 'Content-Type, api_key, Authorization', 'Server': 'Jetty(9.2.9.v20150224)'} 
 body={"id":55,"category":{"id":55,"name":"Updated"},"name":"updated","photoUrls":["string"],"tags":[{"id":55,"name":"updated"}],"status":"available"} 
 </msg>
<msg time="2026-04-28T14:35:57.292067" level="INFO">${response} = &lt;Response [200]&gt;</msg>
<var>${response}</var>
<arg>petapi</arg>
<arg>/pet/55</arg>
<doc>Sends a GET request on a previously created HTTP Session.</doc>
<status status="PASS" start="2026-04-28T14:35:55.155516" elapsed="2.136551"/>
</kw>
<kw name="Should Be Equal As Integers" owner="BuiltIn">
<msg time="2026-04-28T14:35:57.292067" level="INFO">Argument types are:
&lt;class 'int'&gt;
&lt;class 'str'&gt;</msg>
<arg>${response.status_code}</arg>
<arg>200</arg>
<doc>Fails if objects are unequal after converting them to integers.</doc>
<status status="PASS" start="2026-04-28T14:35:57.292067" elapsed="0.000000"/>
</kw>
<kw name="Set Variable" owner="BuiltIn">
<msg time="2026-04-28T14:35:57.293067" level="INFO">${body} = {'id': 55, 'category': {'id': 55, 'name': 'Updated'}, 'name': 'updated', 'photoUrls': ['string'], 'tags': [{'id': 55, 'name': 'updated'}], 'status': 'available'}</msg>
<var>${body}</var>
<arg>${response.json()}</arg>
<doc>Returns the given values which can then be assigned to a variables.</doc>
<status status="PASS" start="2026-04-28T14:35:57.292067" elapsed="0.001000"/>
</kw>
<kw name="Log To Console" owner="BuiltIn">
<arg>${body}</arg>
<doc>Logs the given message to the console.</doc>
<status status="PASS" start="2026-04-28T14:35:57.293067" elapsed="0.000000"/>
</kw>
<kw name="Log To Console" owner="BuiltIn">
<arg>${response.status_code}</arg>
<doc>Logs the given message to the console.</doc>
<status status="PASS" start="2026-04-28T14:35:57.293067" elapsed="0.001000"/>
</kw>
<doc>Find pet by ID</doc>
<status status="PASS" start="2026-04-28T14:35:55.153517" elapsed="2.140550"/>
</test>
<status status="PASS" start="2026-04-28T14:35:54.900983" elapsed="2.393084"/>
</suite>
<statistics>
<total>
<stat pass="1" fail="0" skip="0">All Tests</stat>
</total>
<tag>
</tag>
<suite>
<stat name="Pet" id="s1" pass="1" fail="0" skip="0">Pet</stat>
</suite>
</statistics>
<errors>
</errors>
</robot>
