<?xml version="1.0" encoding="UTF-8"?>
<robot generator="Robot 7.4.2 (Python 3.12.0 on win32)" generated="2026-03-27T14:36:00.300091" rpa="false" schemaversion="5">
<suite id="s1" name="Browser" source="D:\coding\capg\selenium\27-03-2026\browser.robot">
<test id="s1-t1" name="Opening Chrome Browser" line="12">
<kw name="Open Browser" owner="SeleniumLibrary">
<msg time="2026-03-27T14:36:00.545595" level="INFO">Opening browser 'headlesschrome' to base url 'https://www.cricbuzz.com/'.</msg>
<arg>${url}</arg>
<arg>headlesschrome</arg>
<doc>Opens a new browser instance to the optional ``url``.</doc>
<status status="PASS" start="2026-03-27T14:36:00.544575" elapsed="2.936443"/>
</kw>
<kw name="Maximize Browser Window" owner="SeleniumLibrary">
<doc>Maximizes current browser window.</doc>
<status status="PASS" start="2026-03-27T14:36:03.482019" elapsed="0.024501"/>
</kw>
<kw name="Log" owner="BuiltIn">
<msg time="2026-03-27T14:36:03.507547" level="INFO">navigated to cricbuzz</msg>
<arg>navigated to cricbuzz</arg>
<doc>Logs the given message with the given level.</doc>
<status status="PASS" start="2026-03-27T14:36:03.506520" elapsed="0.001027"/>
</kw>
<kw name="Log To Console" owner="BuiltIn">
<arg>${bikes}[1]</arg>
<doc>Logs the given message to the console.</doc>
<status status="PASS" start="2026-03-27T14:36:03.507547" elapsed="0.000000"/>
</kw>
<kw name="Log To Console" owner="BuiltIn">
<arg>${cars.bmw}</arg>
<doc>Logs the given message to the console.</doc>
<status status="PASS" start="2026-03-27T14:36:03.507547" elapsed="0.000973"/>
</kw>
<kw name="Sleep" owner="BuiltIn">
<msg time="2026-03-27T14:36:06.508745" level="INFO">Slept 3 seconds.</msg>
<arg>3s</arg>
<doc>Pauses the test executed for the given time.</doc>
<status status="PASS" start="2026-03-27T14:36:03.508520" elapsed="3.000225"/>
</kw>
<kw name="Close Browser" owner="SeleniumLibrary">
<doc>Closes the current browser.</doc>
<status status="PASS" start="2026-03-27T14:36:06.508745" elapsed="2.127736"/>
</kw>
<doc>Chrome browser navigating to https://www.cricbuzz.com/</doc>
<tag>smoke</tag>
<status status="PASS" start="2026-03-27T14:36:00.544575" elapsed="8.092961"/>
</test>
<test id="s1-t2" name="Opening firefox Browser" line="26">
<kw name="Open Browser" owner="SeleniumLibrary">
<msg time="2026-03-27T14:36:08.638536" level="INFO">Opening browser 'firefox' to base url 'https://www.cricbuzz.com/'.</msg>
<msg time="2026-03-27T14:39:11.285076" level="INFO" html="true">&lt;/td&gt;&lt;/tr&gt;&lt;tr&gt;&lt;td colspan="3"&gt;&lt;a href="selenium-screenshot-1.png"&gt;&lt;img src="selenium-screenshot-1.png" width="800px"&gt;&lt;/a&gt;</msg>
<msg time="2026-03-27T14:39:11.285076" level="FAIL">ReadTimeoutError: HTTPConnectionPool(host='localhost', port=58214): Read timed out. (read timeout=120)</msg>
<arg>${url}</arg>
<arg>firefox</arg>
<doc>Opens a new browser instance to the optional ``url``.</doc>
<status status="FAIL" start="2026-03-27T14:36:08.637536" elapsed="182.766478">ReadTimeoutError: HTTPConnectionPool(host='localhost', port=58214): Read timed out. (read timeout=120)</status>
</kw>
<kw name="Maximize Browser Window" owner="SeleniumLibrary">
<doc>Maximizes current browser window.</doc>
<status status="NOT RUN" start="2026-03-27T14:39:11.404014" elapsed="0.000000"/>
</kw>
<kw name="Log" owner="BuiltIn">
<arg>navigated to cricbuzz</arg>
<doc>Logs the given message with the given level.</doc>
<status status="NOT RUN" start="2026-03-27T14:39:11.405013" elapsed="0.000000"/>
</kw>
<kw name="Log To Console" owner="BuiltIn">
<arg>navigated to cricbuzz</arg>
<doc>Logs the given message to the console.</doc>
<status status="NOT RUN" start="2026-03-27T14:39:11.405264" elapsed="0.000000"/>
</kw>
<kw name="Sleep" owner="BuiltIn">
<arg>3s</arg>
<doc>Pauses the test executed for the given time.</doc>
<status status="NOT RUN" start="2026-03-27T14:39:11.405427" elapsed="0.000000"/>
</kw>
<kw name="Close Browser" owner="SeleniumLibrary">
<doc>Closes the current browser.</doc>
<status status="NOT RUN" start="2026-03-27T14:39:11.405847" elapsed="0.000000"/>
</kw>
<doc>firefox browser navigating to https://www.cricbuzz.com/</doc>
<status status="FAIL" start="2026-03-27T14:36:08.637536" elapsed="182.768311">ReadTimeoutError: HTTPConnectionPool(host='localhost', port=58214): Read timed out. (read timeout=120)</status>
</test>
<test id="s1-t3" name="Opening edge Browser" line="38">
<kw name="Open Browser" owner="SeleniumLibrary">
<msg time="2026-03-27T14:39:11.406852" level="INFO">Opening browser 'edge' to base url 'https://www.cricbuzz.com/'.</msg>
<arg>https://www.cricbuzz.com/</arg>
<arg>edge</arg>
<doc>Opens a new browser instance to the optional ``url``.</doc>
<status status="PASS" start="2026-03-27T14:39:11.406852" elapsed="4.316005"/>
</kw>
<kw name="Maximize Browser Window" owner="SeleniumLibrary">
<doc>Maximizes current browser window.</doc>
<status status="PASS" start="2026-03-27T14:39:15.722857" elapsed="0.091517"/>
</kw>
<kw name="Log" owner="BuiltIn">
<msg time="2026-03-27T14:39:15.815374" level="INFO">navigated to cricbuzz</msg>
<arg>navigated to cricbuzz</arg>
<doc>Logs the given message with the given level.</doc>
<status status="PASS" start="2026-03-27T14:39:15.814374" elapsed="0.001000"/>
</kw>
<kw name="Log To Console" owner="BuiltIn">
<arg>navigated to cricbuzz</arg>
<doc>Logs the given message to the console.</doc>
<status status="PASS" start="2026-03-27T14:39:15.815374" elapsed="0.000999"/>
</kw>
<kw name="Sleep" owner="BuiltIn">
<msg time="2026-03-27T14:39:18.817968" level="INFO">Slept 3 seconds.</msg>
<arg>3s</arg>
<doc>Pauses the test executed for the given time.</doc>
<status status="PASS" start="2026-03-27T14:39:15.816373" elapsed="3.001595"/>
</kw>
<kw name="Close Browser" owner="SeleniumLibrary">
<doc>Closes the current browser.</doc>
<status status="PASS" start="2026-03-27T14:39:18.817968" elapsed="2.192948"/>
</kw>
<doc>edge browser navigating to https://www.cricbuzz.com/</doc>
<status status="PASS" start="2026-03-27T14:39:11.406852" elapsed="9.604064"/>
</test>
<status status="FAIL" start="2026-03-27T14:36:00.302093" elapsed="200.709796"/>
</suite>
<statistics>
<total>
<stat pass="2" fail="1" skip="0">All Tests</stat>
</total>
<tag>
<stat pass="1" fail="0" skip="0">smoke</stat>
</tag>
<suite>
<stat name="Browser" id="s1" pass="2" fail="1" skip="0">Browser</stat>
</suite>
</statistics>
<errors>
</errors>
</robot>
